2026-03-08 07:51:11,537 - __main__ - INFO - Created default configuration at config.json
2026-03-08 07:51:11,620 - botocore.credentials - INFO - Found credentials in shared credentials file: ~/.aws/credentials
2026-03-08 07:51:11,798 - __main__ - INFO - ✅ Connected to Arduino on /dev/ttyACM0
2026-03-08 07:51:13,799 - __main__ - INFO - ============================================================
2026-03-08 07:51:13,799 - __main__ - INFO - Starting IoT Model Processor with Arduino Integration
2026-03-08 07:51:13,800 - __main__ - INFO - ============================================================
2026-03-08 07:51:13,800 - __main__ - INFO - Starting to load all models...
2026-03-08 07:51:13,800 - __main__ - INFO - Model loading complete (using cloud models via AWS IoT)
2026-03-08 07:51:13,801 - __main__ - INFO - ✅ Connected to Arduino on /dev/ttyACM0
2026-03-08 07:51:15,803 - __main__ - INFO - 📡 Arduino reader started
2026-03-08 07:51:15,805 - AWSIoTPythonSDK.core.protocol.mqtt_core - INFO - MqttCore initialized
2026-03-08 07:51:15,806 - AWSIoTPythonSDK.core.protocol.mqtt_core - INFO - Client id: iot_model_processor
2026-03-08 07:51:15,807 - AWSIoTPythonSDK.core.protocol.mqtt_core - INFO - Protocol version: MQTTv3.1.1
2026-03-08 07:51:15,807 - AWSIoTPythonSDK.core.protocol.mqtt_core - INFO - Authentication type: TLSv1.2 certificate based Mutual Auth.
2026-03-08 07:51:15,807 - AWSIoTPythonSDK.core.protocol.mqtt_core - INFO - Configuring endpoint...
2026-03-08 07:51:15,808 - AWSIoTPythonSDK.core.protocol.mqtt_core - INFO - Configuring certificates and ciphers...
2026-03-08 07:51:15,809 - AWSIoTPythonSDK.core.protocol.mqtt_core - INFO - Configuring reconnect back off timing...
2026-03-08 07:51:15,809 - AWSIoTPythonSDK.core.protocol.mqtt_core - INFO - Base quiet time: 1.000000 sec
2026-03-08 07:51:15,810 - AWSIoTPythonSDK.core.protocol.mqtt_core - INFO - Max quiet time: 32.000000 sec
2026-03-08 07:51:15,810 - AWSIoTPythonSDK.core.protocol.mqtt_core - INFO - Stable connection time: 20.000000 sec
2026-03-08 07:51:15,810 - AWSIoTPythonSDK.core.protocol.mqtt_core - INFO - Configuring offline requests queueing: max queue size: -1
2026-03-08 07:51:15,811 - AWSIoTPythonSDK.core.protocol.mqtt_core - INFO - Configuring offline requests queue draining interval: 0.500000 sec
2026-03-08 07:51:15,812 - AWSIoTPythonSDK.core.protocol.mqtt_core - INFO - Configuring connect/disconnect time out: 10.000000 sec
2026-03-08 07:51:15,812 - AWSIoTPythonSDK.core.protocol.mqtt_core - INFO - Configuring MQTT operation time out: 5.000000 sec
2026-03-08 07:51:15,813 - AWSIoTPythonSDK.core.protocol.mqtt_core - INFO - Performing sync connect...
2026-03-08 07:51:15,813 - AWSIoTPythonSDK.core.protocol.mqtt_core - INFO - Performing async connect...
2026-03-08 07:51:15,813 - AWSIoTPythonSDK.core.protocol.mqtt_core - INFO - Keep-alive: 600.000000 sec
2026-03-08 07:51:16,550 - __main__ - INFO - 📊 SOLAR: 4.07V, BATT: 3.55V
2026-03-08 07:51:17,549 - __main__ - INFO - 📊 SOLAR: 4.07V, BATT: 3.33V
2026-03-08 07:51:18,557 - __main__ - INFO - 📊 SOLAR: 4.05V, BATT: 2.54V
2026-03-08 07:51:19,520 - __main__ - INFO - ✅ Connected to AWS IoT Core
2026-03-08 07:51:19,521 - AWSIoTPythonSDK.core.protocol.mqtt_core - INFO - Performing sync subscribe...
2026-03-08 07:51:19,556 - __main__ - INFO - 📊 SOLAR: 4.07V, BATT: 3.55V
2026-03-08 07:51:19,773 - __main__ - INFO - 📡 Subscribed to topic: solar/prediction/result
2026-03-08 07:51:19,773 - AWSIoTPythonSDK.core.protocol.mqtt_core - INFO - Performing sync subscribe...
2026-03-08 07:51:20,044 - __main__ - INFO - 📡 Subscribed to topic: solar/prediction/response
2026-03-08 07:51:20,044 - AWSIoTPythonSDK.core.protocol.mqtt_core - INFO - Performing sync subscribe...
2026-03-08 07:51:20,312 - __main__ - INFO - 📡 Subscribed to topic: raspberrypi/request
2026-03-08 07:51:20,314 - __main__ - ERROR - Failed to connect MQTT Publisher: [Errno 2] No such file or directory
2026-03-08 07:51:20,315 - __main__ - WARNING - ⚠️ Failed to connect server MQTT publisher
2026-03-08 07:51:20,315 - __main__ - INFO - ⏸️ Auto-prediction disabled - will predict only on mobile requests
2026-03-08 07:51:20,316 - __main__ - INFO - Started worker thread: Worker-0
2026-03-08 07:51:20,317 - __main__ - INFO - Started worker thread: Worker-1
2026-03-08 07:51:20,317 - __main__ - INFO - Started worker thread: Worker-2
2026-03-08 07:51:20,318 - __main__ - INFO - Started worker thread: Worker-3
2026-03-08 07:51:20,318 - __main__ - INFO - ✅ IoT Model Processor started successfully
2026-03-08 07:51:20,318 - __main__ - INFO - 📡 Listening for:
2026-03-08 07:51:20,318 - __main__ - INFO -    - Arduino data (continuous)
2026-03-08 07:51:20,319 - __main__ - INFO -    - Solar prediction results (solar/prediction/result)
2026-03-08 07:51:20,319 - __main__ - INFO -    - Mobile requests (raspberrypi/request)
2026-03-08 07:51:20,319 - __main__ - INFO - 📤 Publishing results to: SithmiSolarPredictResults
2026-03-08 07:51:20,319 - __main__ - INFO - ============================================================
2026-03-08 07:51:20,319 - __main__ - INFO - Press Ctrl+C to stop
2026-03-08 07:51:20,564 - __main__ - INFO - 📊 SOLAR: 4.1V, BATT: 2.15V
2026-03-08 07:51:21,563 - __main__ - INFO - 📊 SOLAR: 4.12V, BATT: 2.42V
2026-03-08 07:51:22,571 - __main__ - INFO - 📊 SOLAR: 4.11V, BATT: 3.57V
2026-03-08 07:51:23,566 - __main__ - INFO - 📊 SOLAR: 4.17V, BATT: 3.74V
2026-03-08 07:51:24,578 - __main__ - INFO - 📊 SOLAR: 4.18V, BATT: 2.12V
2026-03-08 07:51:25,573 - __main__ - INFO - 📊 SOLAR: 4.18V, BATT: 2.74V
2026-03-08 07:51:26,585 - __main__ - INFO - 📊 SOLAR: 4.2V, BATT: 3.7V
2026-03-08 07:51:27,580 - __main__ - INFO - 📊 SOLAR: 4.2V, BATT: 3.72V
2026-03-08 07:51:28,588 - __main__ - INFO - 📊 SOLAR: 4.13V, BATT: 2.18V
2026-03-08 07:51:29,587 - __main__ - INFO - 📊 SOLAR: 4.11V, BATT: 2.8V
2026-03-08 07:51:30,594 - __main__ - INFO - 📊 SOLAR: 4.07V, BATT: 3.07V
2026-03-08 07:51:31,594 - __main__ - INFO - 📊 SOLAR: 4.13V, BATT: 2.46V
2026-03-08 07:51:32,601 - __main__ - INFO - 📊 SOLAR: 4.16V, BATT: 3.7V
2026-03-08 07:51:33,601 - __main__ - INFO - 📊 SOLAR: 4.21V, BATT: 3.68V
2026-03-08 07:51:34,608 - __main__ - INFO - 📊 SOLAR: 4.17V, BATT: 2.19V
2026-03-08 07:51:35,608 - __main__ - INFO - 📊 SOLAR: 4.11V, BATT: 2.86V
2026-03-08 07:51:36,615 - __main__ - INFO - 📊 SOLAR: 4.09V, BATT: 3.58V
2026-03-08 07:51:37,615 - __main__ - INFO - 📊 SOLAR: 4.08V, BATT: 2.53V
2026-03-08 07:51:38,621 - __main__ - INFO - 📊 SOLAR: 4.13V, BATT: 3.56V
2026-03-08 07:51:39,618 - __main__ - INFO - 📊 SOLAR: 4.19V, BATT: 3.65V
2026-03-08 07:51:40,625 - __main__ - INFO - 📊 SOLAR: 4.17V, BATT: 2.19V
2026-03-08 07:51:41,625 - __main__ - INFO - 📊 SOLAR: 4.14V, BATT: 2.83V
2026-03-08 07:51:42,632 - __main__ - INFO - 📊 SOLAR: 4.09V, BATT: 3.6V
2026-03-08 07:51:43,632 - __main__ - INFO - 📊 SOLAR: 4.09V, BATT: 3.61V
2026-03-08 07:51:44,639 - __main__ - INFO - 📊 SOLAR: 4.06V, BATT: 2.66V
2026-03-08 07:51:45,639 - __main__ - INFO - 📊 SOLAR: 4.07V, BATT: 3.57V
2026-03-08 07:51:46,646 - __main__ - INFO - 📊 SOLAR: 4.11V, BATT: 1.91V
2026-03-08 07:51:47,646 - __main__ - INFO - 📊 SOLAR: 4.16V, BATT: 2.52V
2026-03-08 07:51:48,653 - __main__ - INFO - 📊 SOLAR: 4.16V, BATT: 3.75V
2026-03-08 07:51:49,653 - __main__ - INFO - 📊 SOLAR: 4.19V, BATT: 3.74V
2026-03-08 07:51:50,660 - __main__ - INFO - 📊 SOLAR: 4.19V, BATT: 2.14V
2026-03-08 07:51:51,660 - __main__ - INFO - 📊 SOLAR: 4.19V, BATT: 2.81V
2026-03-08 07:51:52,667 - __main__ - INFO - 📊 SOLAR: 4.21V, BATT: 3.72V
2026-03-08 07:51:53,662 - __main__ - INFO - 📊 SOLAR: 4.21V, BATT: 3.73V
2026-03-08 07:51:54,670 - __main__ - INFO - 📊 SOLAR: 4.21V, BATT: 2.2V
2026-03-08 07:51:55,669 - __main__ - INFO - 📊 SOLAR: 4.19V, BATT: 2.83V
2026-03-08 07:51:56,677 - __main__ - INFO - 📊 SOLAR: 4.2V, BATT: 3.71V
2026-03-08 07:51:57,676 - __main__ - INFO - 📊 SOLAR: 4.18V, BATT: 3.76V
2026-03-08 07:51:58,684 - __main__ - INFO - 📊 SOLAR: 4.18V, BATT: 2.19V
2026-03-08 07:51:59,683 - __main__ - INFO - 📊 SOLAR: 4.19V, BATT: 2.82V
2026-03-08 07:52:00,691 - __main__ - INFO - 📊 SOLAR: 4.16V, BATT: 3.69V
2026-03-08 07:52:01,690 - __main__ - INFO - 📊 SOLAR: 4.15V, BATT: 3.7V
2026-03-08 07:52:02,698 - __main__ - INFO - 📊 SOLAR: 4.13V, BATT: 2.19V
2026-03-08 07:52:03,697 - __main__ - INFO - 📊 SOLAR: 4.08V, BATT: 2.95V
2026-03-08 07:52:04,706 - __main__ - INFO - 📊 SOLAR: 4.14V, BATT: 3.68V
2026-03-08 07:52:05,704 - __main__ - INFO - 📊 SOLAR: 4.09V, BATT: 3.64V
2026-03-08 07:52:06,708 - __main__ - INFO - 📊 SOLAR: 4.13V, BATT: 2.16V
2026-03-08 07:52:07,707 - __main__ - INFO - 📊 SOLAR: 4.11V, BATT: 2.98V
2026-03-08 07:52:08,715 - __main__ - INFO - 📊 SOLAR: 4.13V, BATT: 3.65V
2026-03-08 07:52:09,714 - __main__ - INFO - 📊 SOLAR: 4.11V, BATT: 3.66V
2026-03-08 07:52:10,722 - __main__ - INFO - 📊 SOLAR: 4.13V, BATT: 2.18V
2026-03-08 07:52:11,721 - __main__ - INFO - 📊 SOLAR: 4.12V, BATT: 2.83V
2026-03-08 07:52:12,729 - __main__ - INFO - 📊 SOLAR: 4.12V, BATT: 3.65V
2026-03-08 07:52:13,728 - __main__ - INFO - 📊 SOLAR: 4.12V, BATT: 3.69V
2026-03-08 07:52:14,736 - __main__ - INFO - 📊 SOLAR: 4.11V, BATT: 2.15V
2026-03-08 07:52:15,735 - __main__ - INFO - 📊 SOLAR: 4.09V, BATT: 2.78V
2026-03-08 07:52:16,746 - __main__ - INFO - 📊 SOLAR: 4.1V, BATT: 3.62V
2026-03-08 07:52:17,742 - __main__ - INFO - 📊 SOLAR: 4.08V, BATT: 3.6V
2026-03-08 07:52:18,751 - __main__ - INFO - 📊 SOLAR: 4.07V, BATT: 2.53V
2026-03-08 07:52:19,749 - __main__ - INFO - 📊 SOLAR: 4.09V, BATT: 3.72V
2026-03-08 07:52:20,756 - __main__ - INFO - 📊 SOLAR: 4.07V, BATT: 2.01V
2026-03-08 07:52:21,752 - __main__ - INFO - 📊 SOLAR: 4.13V, BATT: 2.47V
2026-03-08 07:52:22,760 - __main__ - INFO - 📊 SOLAR: 4.12V, BATT: 3.68V
2026-03-08 07:52:23,759 - __main__ - INFO - 📊 SOLAR: 4.16V, BATT: 3.75V
2026-03-08 07:52:24,766 - __main__ - INFO - 📊 SOLAR: 4.13V, BATT: 1.99V
2026-03-08 07:52:25,766 - __main__ - INFO - 📊 SOLAR: 4.15V, BATT: 2.66V
2026-03-08 07:52:26,773 - __main__ - INFO - 📊 SOLAR: 4.12V, BATT: 3.79V
2026-03-08 07:52:27,773 - __main__ - INFO - 📊 SOLAR: 4.15V, BATT: 3.8V
2026-03-08 07:52:28,781 - __main__ - INFO - 📊 SOLAR: 4.13V, BATT: 2.0V
2026-03-08 07:52:29,780 - __main__ - INFO - 📊 SOLAR: 4.11V, BATT: 2.73V
2026-03-08 07:52:30,787 - __main__ - INFO - 📊 SOLAR: 4.1V, BATT: 3.73V
2026-03-08 07:52:31,787 - __main__ - INFO - 📊 SOLAR: 4.06V, BATT: 3.61V
2026-03-08 07:52:32,794 - __main__ - INFO - 📊 SOLAR: 4.06V, BATT: 2.51V
2026-03-08 07:52:33,790 - __main__ - INFO - 📊 SOLAR: 4.07V, BATT: 3.39V
2026-03-08 07:52:34,801 - __main__ - INFO - 📊 SOLAR: 4.07V, BATT: 2.45V
2026-03-08 07:52:35,382 - __main__ - INFO - Received signal 2
2026-03-08 07:52:35,382 - __main__ - INFO - 
============================================================
2026-03-08 07:52:35,383 - __main__ - INFO - Stopping IoT Model Processor...
2026-03-08 07:52:35,389 - __main__ - INFO - 🔌 Arduino disconnected
2026-03-08 07:52:35,389 - __main__ - INFO - MQTT Publisher disconnected
2026-03-08 07:52:36,328 - AWSIoTPythonSDK.core.protocol.mqtt_core - INFO - Performing sync disconnect...
2026-03-08 07:52:36,329 - AWSIoTPythonSDK.core.protocol.mqtt_core - INFO - Performing async disconnect...
2026-03-08 07:52:36,330 - __main__ - INFO - Disconnected from AWS IoT Core
2026-03-08 07:52:36,331 - __main__ - INFO - ✅ IoT Model Processor stopped
2026-03-08 07:52:36,331 - __main__ - INFO - ============================================================
2026-03-08 07:57:29,180 - __main__ - INFO - Loaded configuration from config.json
2026-03-08 07:57:29,181 - __main__ - INFO - ======================================================================
2026-03-08 07:57:29,181 - __main__ - INFO - IoT Model Processor - Mobile Request -> Model -> Response Flow
2026-03-08 07:57:29,182 - __main__ - INFO - ======================================================================
2026-03-08 07:57:29,182 - __main__ - INFO - 
2026-03-08 07:57:29,182 - __main__ - INFO - 📱 STEP 1: Wait for mobile request on 'raspberrypi/request'
2026-03-08 07:57:29,182 - __main__ - INFO - 🤖 STEP 2: Send to model on 'solar/prediction/request'
2026-03-08 07:57:29,182 - __main__ - INFO - 📊 STEP 3: Receive model result on 'solar/prediction/response'
2026-03-08 07:57:29,183 - __main__ - INFO - 📱 STEP 4: Send response to mobile on 'raspberrypi/userappvisits/data'
2026-03-08 07:57:29,183 - __main__ - INFO - 📤 STEP 5: Publish to server on 'SithmiSolarPredictResults'
2026-03-08 07:57:29,183 - __main__ - INFO - 
2026-03-08 07:57:29,183 - __main__ - INFO - ======================================================================
2026-03-08 07:57:29,186 - __main__ - INFO - ✅ Connected to Arduino on /dev/ttyACM0
2026-03-08 07:57:31,187 - __main__ - INFO - 📡 Arduino reader started
2026-03-08 07:57:31,187 - __main__ - INFO - ✅ Arduino connected - collecting sensor data
2026-03-08 07:57:31,188 - AWSIoTPythonSDK.core.protocol.mqtt_core - INFO - MqttCore initialized
2026-03-08 07:57:31,189 - AWSIoTPythonSDK.core.protocol.mqtt_core - INFO - Client id: iot_model_processor
2026-03-08 07:57:31,189 - AWSIoTPythonSDK.core.protocol.mqtt_core - INFO - Protocol version: MQTTv3.1.1
2026-03-08 07:57:31,189 - AWSIoTPythonSDK.core.protocol.mqtt_core - INFO - Authentication type: TLSv1.2 certificate based Mutual Auth.
2026-03-08 07:57:31,189 - AWSIoTPythonSDK.core.protocol.mqtt_core - INFO - Configuring endpoint...
2026-03-08 07:57:31,189 - AWSIoTPythonSDK.core.protocol.mqtt_core - INFO - Configuring certificates and ciphers...
2026-03-08 07:57:31,190 - AWSIoTPythonSDK.core.protocol.mqtt_core - INFO - Configuring reconnect back off timing...
2026-03-08 07:57:31,190 - AWSIoTPythonSDK.core.protocol.mqtt_core - INFO - Base quiet time: 1.000000 sec
2026-03-08 07:57:31,190 - AWSIoTPythonSDK.core.protocol.mqtt_core - INFO - Max quiet time: 32.000000 sec
2026-03-08 07:57:31,190 - AWSIoTPythonSDK.core.protocol.mqtt_core - INFO - Stable connection time: 20.000000 sec
2026-03-08 07:57:31,191 - AWSIoTPythonSDK.core.protocol.mqtt_core - INFO - Configuring offline requests queueing: max queue size: -1
2026-03-08 07:57:31,191 - AWSIoTPythonSDK.core.protocol.mqtt_core - INFO - Configuring offline requests queue draining interval: 0.500000 sec
2026-03-08 07:57:31,191 - AWSIoTPythonSDK.core.protocol.mqtt_core - INFO - Configuring connect/disconnect time out: 10.000000 sec
2026-03-08 07:57:31,191 - AWSIoTPythonSDK.core.protocol.mqtt_core - INFO - Configuring MQTT operation time out: 5.000000 sec
2026-03-08 07:57:31,191 - AWSIoTPythonSDK.core.protocol.mqtt_core - INFO - Performing sync connect...
2026-03-08 07:57:31,192 - AWSIoTPythonSDK.core.protocol.mqtt_core - INFO - Performing async connect...
2026-03-08 07:57:31,192 - AWSIoTPythonSDK.core.protocol.mqtt_core - INFO - Keep-alive: 600.000000 sec
2026-03-08 07:57:31,931 - __main__ - INFO - 📊 SOLAR: 4.07V, BATT: 2.12V
2026-03-08 07:57:32,719 - __main__ - INFO - ✅ Connected to AWS IoT Core
2026-03-08 07:57:32,720 - AWSIoTPythonSDK.core.protocol.mqtt_core - INFO - Performing sync subscribe...
2026-03-08 07:57:32,931 - __main__ - INFO - 📊 SOLAR: 4.17V, BATT: 2.79V
2026-03-08 07:57:33,194 - __main__ - INFO - 📡 Subscribed to topic: solar/prediction/result
2026-03-08 07:57:33,195 - AWSIoTPythonSDK.core.protocol.mqtt_core - INFO - Performing sync subscribe...
2026-03-08 07:57:33,528 - __main__ - INFO - 📡 Subscribed to topic: solar/prediction/response
2026-03-08 07:57:33,529 - AWSIoTPythonSDK.core.protocol.mqtt_core - INFO - Performing sync subscribe...
2026-03-08 07:57:33,839 - __main__ - INFO - 📡 Subscribed to topic: raspberrypi/request
2026-03-08 07:57:33,841 - __main__ - ERROR - Failed to connect MQTT Publisher: [Errno 2] No such file or directory
2026-03-08 07:57:33,842 - __main__ - WARNING - ⚠️ Failed to connect server MQTT publisher
2026-03-08 07:57:33,842 - __main__ - INFO - 
2026-03-08 07:57:33,842 - __main__ - INFO - ✅ System ready - waiting for mobile requests...
2026-03-08 07:57:33,842 - __main__ - INFO - ======================================================================
2026-03-08 07:57:33,843 - __main__ - INFO - Press Ctrl+C to stop
2026-03-08 07:57:33,935 - __main__ - INFO - 📊 SOLAR: 4.17V, BATT: 3.76V
2026-03-08 07:57:34,934 - __main__ - INFO - 📊 SOLAR: 4.21V, BATT: 3.79V
2026-03-08 07:57:35,941 - __main__ - INFO - 📊 SOLAR: 4.19V, BATT: 2.13V
2026-03-08 07:57:36,940 - __main__ - INFO - 📊 SOLAR: 4.19V, BATT: 2.83V
2026-03-08 07:57:37,948 - __main__ - INFO - 📊 SOLAR: 4.2V, BATT: 3.73V
2026-03-08 07:57:38,948 - __main__ - INFO - 📊 SOLAR: 4.18V, BATT: 3.76V
2026-03-08 07:57:39,956 - __main__ - INFO - 📊 SOLAR: 4.2V, BATT: 2.16V
2026-03-08 07:57:40,955 - __main__ - INFO - 📊 SOLAR: 4.18V, BATT: 2.83V
2026-03-08 07:57:41,962 - __main__ - INFO - 📊 SOLAR: 4.19V, BATT: 3.67V
2026-03-08 07:57:42,961 - __main__ - INFO - 📊 SOLAR: 4.19V, BATT: 3.73V
2026-03-08 07:57:43,969 - __main__ - INFO - 📊 SOLAR: 4.17V, BATT: 2.19V
2026-03-08 07:57:44,968 - __main__ - INFO - 📊 SOLAR: 4.18V, BATT: 2.8V
2026-03-08 07:57:45,976 - __main__ - INFO - 📊 SOLAR: 4.18V, BATT: 3.61V
2026-03-08 07:57:46,971 - __main__ - INFO - 📊 SOLAR: 4.18V, BATT: 3.73V
2026-03-08 07:57:47,983 - __main__ - INFO - 📊 SOLAR: 4.15V, BATT: 2.19V
2026-03-08 07:57:48,978 - __main__ - INFO - 📊 SOLAR: 4.12V, BATT: 2.82V
2026-03-08 07:57:49,986 - __main__ - INFO - 📊 SOLAR: 4.14V, BATT: 3.67V
2026-03-08 07:57:50,992 - __main__ - INFO - 📊 SOLAR: 4.11V, BATT: 3.69V
2026-03-08 07:57:51,996 - __main__ - INFO - 📊 SOLAR: 4.13V, BATT: 2.17V
2026-03-08 07:57:52,992 - __main__ - INFO - 📊 SOLAR: 4.1V, BATT: 3.12V
2026-03-08 07:57:54,000 - __main__ - INFO - 📊 SOLAR: 4.12V, BATT: 3.72V
2026-03-08 07:57:54,999 - __main__ - INFO - 📊 SOLAR: 4.07V, BATT: 3.5V
2026-03-08 07:57:56,007 - __main__ - INFO - 📊 SOLAR: 4.09V, BATT: 2.64V
2026-03-08 07:57:57,006 - __main__ - INFO - 📊 SOLAR: 4.07V, BATT: 3.7V
2026-03-08 07:57:58,014 - __main__ - INFO - 📊 SOLAR: 4.08V, BATT: 2.02V
2026-03-08 07:57:59,013 - __main__ - INFO - 📊 SOLAR: 4.11V, BATT: 2.6V
2026-03-08 07:58:00,021 - __main__ - INFO - 📊 SOLAR: 4.15V, BATT: 3.81V
2026-03-08 07:58:01,016 - __main__ - INFO - 📊 SOLAR: 4.13V, BATT: 3.79V
2026-03-08 07:58:02,028 - __main__ - INFO - 📊 SOLAR: 4.15V, BATT: 2.01V
2026-03-08 07:58:03,023 - __main__ - INFO - 📊 SOLAR: 4.13V, BATT: 2.7V
2026-03-08 07:58:04,031 - __main__ - INFO - 📊 SOLAR: 4.15V, BATT: 3.83V
2026-03-08 07:58:05,030 - __main__ - INFO - 📊 SOLAR: 4.18V, BATT: 3.8V
2026-03-08 07:58:06,037 - __main__ - INFO - 📊 SOLAR: 4.13V, BATT: 2.0V
2026-03-08 07:58:07,037 - __main__ - INFO - 📊 SOLAR: 4.16V, BATT: 2.7V
2026-03-08 07:58:08,045 - __main__ - INFO - 📊 SOLAR: 4.14V, BATT: 3.83V
2026-03-08 07:58:09,044 - __main__ - INFO - 📊 SOLAR: 4.15V, BATT: 3.81V
2026-03-08 07:58:10,052 - __main__ - INFO - 📊 SOLAR: 4.14V, BATT: 1.97V
2026-03-08 07:58:11,051 - __main__ - INFO - 📊 SOLAR: 4.16V, BATT: 2.65V
2026-03-08 07:58:12,058 - __main__ - INFO - 📊 SOLAR: 4.13V, BATT: 3.81V
2026-03-08 07:58:13,058 - __main__ - INFO - 📊 SOLAR: 4.16V, BATT: 3.74V
2026-03-08 07:58:14,066 - __main__ - INFO - 📊 SOLAR: 4.17V, BATT: 2.08V
2026-03-08 07:58:15,061 - __main__ - INFO - 📊 SOLAR: 4.16V, BATT: 2.78V
2026-03-08 07:58:16,072 - __main__ - INFO - 📊 SOLAR: 4.16V, BATT: 3.86V
2026-03-08 07:58:17,068 - __main__ - INFO - 📊 SOLAR: 4.12V, BATT: 3.8V
2026-03-08 07:58:18,075 - __main__ - INFO - 📊 SOLAR: 4.12V, BATT: 1.93V
2026-03-08 07:58:19,075 - __main__ - INFO - 📊 SOLAR: 4.1V, BATT: 2.86V
2026-03-08 07:58:20,082 - __main__ - INFO - 📊 SOLAR: 4.09V, BATT: 3.65V
2026-03-08 07:58:21,082 - __main__ - INFO - 📊 SOLAR: 4.09V, BATT: 3.74V
2026-03-08 07:58:22,089 - __main__ - INFO - 📊 SOLAR: 4.06V, BATT: 2.61V
2026-03-08 07:58:23,089 - __main__ - INFO - 📊 SOLAR: 4.06V, BATT: 2.79V
2026-03-08 07:58:23,605 - __main__ - INFO - 📱 RECEIVED: Mobile request on raspberrypi/request
2026-03-08 07:58:23,606 - __main__ - ERROR - No requestId in mobile request
2026-03-08 07:58:24,096 - __main__ - INFO - 📊 SOLAR: 4.08V, BATT: 2.55V
2026-03-08 07:58:25,096 - __main__ - INFO - 📊 SOLAR: 4.07V, BATT: 3.16V
2026-03-08 07:58:26,103 - __main__ - INFO - 📊 SOLAR: 4.12V, BATT: 3.44V
2026-03-08 07:58:27,102 - __main__ - INFO - 📊 SOLAR: 4.09V, BATT: 3.56V
2026-03-08 07:58:28,110 - __main__ - INFO - 📊 SOLAR: 4.13V, BATT: 2.17V
2026-03-08 07:58:29,110 - __main__ - INFO - 📊 SOLAR: 4.11V, BATT: 2.83V
2026-03-08 07:58:30,117 - __main__ - INFO - 📊 SOLAR: 4.12V, BATT: 3.65V
2026-03-08 07:58:31,113 - __main__ - INFO - 📊 SOLAR: 4.13V, BATT: 3.71V
2026-03-08 07:58:32,124 - __main__ - INFO - 📊 SOLAR: 4.12V, BATT: 2.17V
2026-03-08 07:58:33,119 - __main__ - INFO - 📊 SOLAR: 4.13V, BATT: 2.71V
2026-03-08 07:58:34,127 - __main__ - INFO - 📊 SOLAR: 4.14V, BATT: 3.69V
2026-03-08 07:58:35,126 - __main__ - INFO - 📊 SOLAR: 4.13V, BATT: 3.72V
2026-03-08 07:58:36,134 - __main__ - INFO - 📊 SOLAR: 4.13V, BATT: 2.19V
2026-03-08 07:58:37,133 - __main__ - INFO - 📊 SOLAR: 4.09V, BATT: 2.81V
2026-03-08 07:58:38,141 - __main__ - INFO - 📊 SOLAR: 4.13V, BATT: 3.67V
2026-03-08 07:58:39,140 - __main__ - INFO - 📊 SOLAR: 4.12V, BATT: 3.75V
2026-03-08 07:58:40,148 - __main__ - INFO - 📊 SOLAR: 4.13V, BATT: 2.19V
2026-03-08 07:58:41,147 - __main__ - INFO - 📊 SOLAR: 4.1V, BATT: 2.86V
2026-03-08 07:58:42,155 - __main__ - INFO - 📊 SOLAR: 4.15V, BATT: 3.64V
2026-03-08 07:58:43,154 - __main__ - INFO - 📊 SOLAR: 4.13V, BATT: 3.67V
2026-03-08 07:58:44,162 - __main__ - INFO - 📊 SOLAR: 4.18V, BATT: 2.19V
2026-03-08 07:58:45,157 - __main__ - INFO - 📊 SOLAR: 4.18V, BATT: 2.82V
2026-03-08 07:58:46,169 - __main__ - INFO - 📊 SOLAR: 4.21V, BATT: 3.76V
2026-03-08 07:58:47,164 - __main__ - INFO - 📊 SOLAR: 4.2V, BATT: 3.85V
2026-03-08 07:58:48,172 - __main__ - INFO - 📊 SOLAR: 4.15V, BATT: 2.07V
2026-03-08 07:58:49,171 - __main__ - INFO - 📊 SOLAR: 4.11V, BATT: 2.84V
2026-03-08 07:58:50,179 - __main__ - INFO - 📊 SOLAR: 4.08V, BATT: 3.62V
2026-03-08 07:58:51,178 - __main__ - INFO - 📊 SOLAR: 4.06V, BATT: 2.93V
2026-03-08 07:58:52,186 - __main__ - INFO - 📊 SOLAR: 4.1V, BATT: 3.35V
2026-03-08 07:58:53,185 - __main__ - INFO - 📊 SOLAR: 4.11V, BATT: 3.57V
2026-03-08 07:58:54,193 - __main__ - INFO - 📊 SOLAR: 4.17V, BATT: 2.19V
2026-03-08 07:58:55,192 - __main__ - INFO - 📊 SOLAR: 4.14V, BATT: 2.84V
2026-03-08 07:58:56,199 - __main__ - INFO - 📊 SOLAR: 4.19V, BATT: 3.7V
2026-03-08 07:58:57,199 - __main__ - INFO - 📊 SOLAR: 4.17V, BATT: 3.76V
2026-03-08 07:58:58,206 - __main__ - INFO - 📊 SOLAR: 4.19V, BATT: 2.19V
2026-03-08 07:58:59,202 - __main__ - INFO - 📊 SOLAR: 4.13V, BATT: 2.86V
2026-03-08 07:59:00,209 - __main__ - INFO - 📊 SOLAR: 4.12V, BATT: 3.67V
2026-03-08 07:59:01,209 - __main__ - INFO - 📊 SOLAR: 4.07V, BATT: 3.47V
2026-03-08 07:59:02,217 - __main__ - INFO - 📊 SOLAR: 4.09V, BATT: 3.13V
2026-03-08 07:59:03,216 - __main__ - INFO - 📊 SOLAR: 4.13V, BATT: 3.64V
2026-03-08 07:59:04,224 - __main__ - INFO - 📊 SOLAR: 4.17V, BATT: 2.1V
2026-03-08 07:59:05,223 - __main__ - INFO - 📊 SOLAR: 4.2V, BATT: 2.78V
2026-03-08 07:59:06,230 - __main__ - INFO - 📊 SOLAR: 4.18V, BATT: 3.73V
2026-03-08 07:59:07,230 - __main__ - INFO - 📊 SOLAR: 4.15V, BATT: 3.72V
2026-03-08 07:59:08,237 - __main__ - INFO - 📊 SOLAR: 4.1V, BATT: 2.21V
2026-03-08 07:59:09,237 - __main__ - INFO - 📊 SOLAR: 4.07V, BATT: 3.73V
2026-03-08 07:59:10,244 - __main__ - INFO - 📊 SOLAR: 4.07V, BATT: 2.35V
2026-03-08 07:59:11,244 - __main__ - INFO - 📊 SOLAR: 4.14V, BATT: 2.5V
2026-03-08 07:59:12,251 - __main__ - INFO - 📊 SOLAR: 4.17V, BATT: 3.8V
2026-03-08 07:59:13,250 - __main__ - INFO - 📊 SOLAR: 4.2V, BATT: 3.77V
2026-03-08 07:59:14,254 - __main__ - INFO - 📊 SOLAR: 4.21V, BATT: 2.21V
2026-03-08 07:59:15,253 - __main__ - INFO - 📊 SOLAR: 4.16V, BATT: 2.9V
2026-03-08 07:59:16,261 - __main__ - INFO - 📊 SOLAR: 4.15V, BATT: 3.68V
2026-03-08 07:59:17,261 - __main__ - INFO - 📊 SOLAR: 4.09V, BATT: 3.65V
2026-03-08 07:59:18,268 - __main__ - INFO - 📊 SOLAR: 4.07V, BATT: 2.53V
2026-03-08 07:59:19,268 - __main__ - INFO - 📊 SOLAR: 4.07V, BATT: 3.2V
2026-03-08 07:59:20,276 - __main__ - INFO - 📊 SOLAR: 4.07V, BATT: 2.29V
2026-03-08 07:59:21,274 - __main__ - INFO - 📊 SOLAR: 4.06V, BATT: 2.77V
2026-03-08 07:59:22,282 - __main__ - INFO - 📊 SOLAR: 4.11V, BATT: 3.49V
2026-03-08 07:59:23,281 - __main__ - INFO - 📊 SOLAR: 4.09V, BATT: 3.59V
2026-03-08 07:59:24,289 - __main__ - INFO - 📊 SOLAR: 4.09V, BATT: 1.96V
2026-03-08 07:59:25,288 - __main__ - INFO - 📊 SOLAR: 4.09V, BATT: 2.58V
2026-03-08 07:59:26,296 - __main__ - INFO - 📊 SOLAR: 4.07V, BATT: 3.35V
2026-03-08 07:59:27,295 - __main__ - INFO - 📊 SOLAR: 4.07V, BATT: 3.64V
2026-03-08 07:59:28,303 - __main__ - INFO - 📊 SOLAR: 4.06V, BATT: 3.01V
2026-03-08 07:59:29,298 - __main__ - INFO - 📊 SOLAR: 4.06V, BATT: 3.35V
2026-03-08 07:59:30,306 - __main__ - INFO - 📊 SOLAR: 4.09V, BATT: 2.15V
2026-03-08 07:59:31,305 - __main__ - INFO - 📊 SOLAR: 4.09V, BATT: 2.82V
2026-03-08 07:59:32,313 - __main__ - INFO - 📊 SOLAR: 4.15V, BATT: 3.7V
2026-03-08 07:59:33,312 - __main__ - INFO - 📊 SOLAR: 4.14V, BATT: 3.65V
2026-03-08 07:59:34,320 - __main__ - INFO - 📊 SOLAR: 4.16V, BATT: 2.19V
2026-03-08 07:59:35,319 - __main__ - INFO - 📊 SOLAR: 4.18V, BATT: 2.78V
2026-03-08 07:59:36,327 - __main__ - INFO - 📊 SOLAR: 4.18V, BATT: 3.82V
2026-03-08 07:59:37,326 - __main__ - INFO - 📊 SOLAR: 4.18V, BATT: 3.8V
2026-03-08 07:59:38,334 - __main__ - INFO - 📊 SOLAR: 4.19V, BATT: 2.11V
2026-03-08 07:59:39,333 - __main__ - INFO - 📊 SOLAR: 4.16V, BATT: 2.77V
2026-03-08 07:59:40,340 - __main__ - INFO - 📊 SOLAR: 4.16V, BATT: 3.81V
2026-03-08 07:59:41,340 - __main__ - INFO - 📊 SOLAR: 4.15V, BATT: 3.8V
2026-03-08 07:59:42,347 - __main__ - INFO - 📊 SOLAR: 4.11V, BATT: 1.96V
2026-03-08 07:59:43,343 - __main__ - INFO - 📊 SOLAR: 4.12V, BATT: 2.65V
2026-03-08 07:59:44,351 - __main__ - INFO - 📊 SOLAR: 4.08V, BATT: 3.64V
2026-03-08 07:59:45,350 - __main__ - INFO - 📊 SOLAR: 4.08V, BATT: 3.7V
2026-03-08 07:59:46,358 - __main__ - INFO - 📊 SOLAR: 4.06V, BATT: 2.89V
2026-03-08 07:59:47,357 - __main__ - INFO - 📊 SOLAR: 4.04V, BATT: 3.12V
2026-03-08 07:59:48,365 - __main__ - INFO - 📊 SOLAR: 4.09V, BATT: 2.34V
2026-03-08 07:59:49,364 - __main__ - INFO - 📊 SOLAR: 4.07V, BATT: 3.06V
2026-03-08 07:59:50,371 - __main__ - INFO - 📊 SOLAR: 4.09V, BATT: 3.54V
2026-03-08 07:59:51,371 - __main__ - INFO - 📊 SOLAR: 4.1V, BATT: 3.66V
2026-03-08 07:59:52,378 - __main__ - INFO - 📊 SOLAR: 4.1V, BATT: 2.16V
2026-03-08 07:59:53,378 - __main__ - INFO - 📊 SOLAR: 4.14V, BATT: 2.77V
2026-03-08 07:59:54,385 - __main__ - INFO - 📊 SOLAR: 4.15V, BATT: 3.68V
2026-03-08 07:59:55,381 - __main__ - INFO - 📊 SOLAR: 4.18V, BATT: 3.74V
2026-03-08 07:59:56,392 - __main__ - INFO - 📊 SOLAR: 4.18V, BATT: 2.2V
2026-03-08 07:59:57,387 - __main__ - INFO - 📊 SOLAR: 4.17V, BATT: 2.83V
2026-03-08 07:59:58,395 - __main__ - INFO - 📊 SOLAR: 4.19V, BATT: 3.75V
2026-03-08 07:59:59,394 - __main__ - INFO - 📊 SOLAR: 4.2V, BATT: 3.8V
2026-03-08 08:00:00,402 - __main__ - INFO - 📊 SOLAR: 4.14V, BATT: 2.03V
2026-03-08 08:00:01,401 - __main__ - INFO - 📊 SOLAR: 4.14V, BATT: 2.71V
2026-03-08 08:00:02,409 - __main__ - INFO - 📊 SOLAR: 4.1V, BATT: 3.73V
2026-03-08 08:00:03,408 - __main__ - INFO - 📊 SOLAR: 4.11V, BATT: 3.87V
2026-03-08 08:00:04,416 - __main__ - INFO - 📊 SOLAR: 4.08V, BATT: 2.09V
2026-03-08 08:00:05,415 - __main__ - INFO - 📊 SOLAR: 4.09V, BATT: 2.53V
2026-03-08 08:00:06,423 - __main__ - INFO - 📊 SOLAR: 4.13V, BATT: 3.7V
2026-03-08 08:00:07,422 - __main__ - INFO - 📊 SOLAR: 4.1V, BATT: 3.73V
2026-03-08 08:00:08,430 - __main__ - INFO - 📊 SOLAR: 4.14V, BATT: 2.02V
2026-03-08 08:00:09,425 - __main__ - INFO - 📊 SOLAR: 4.16V, BATT: 2.76V
2026-03-08 08:00:10,437 - __main__ - INFO - 📊 SOLAR: 4.19V, BATT: 3.8V
2026-03-08 08:00:11,433 - __main__ - INFO - 📊 SOLAR: 4.19V, BATT: 3.8V
2026-03-08 08:00:12,444 - __main__ - INFO - 📊 SOLAR: 4.2V, BATT: 2.19V
2026-03-08 08:00:13,439 - __main__ - INFO - 📊 SOLAR: 4.13V, BATT: 2.9V
2026-03-08 08:00:14,447 - __main__ - INFO - 📊 SOLAR: 4.13V, BATT: 3.67V
2026-03-08 08:00:15,446 - __main__ - INFO - 📊 SOLAR: 4.09V, BATT: 3.66V
2026-03-08 08:00:16,454 - __main__ - INFO - 📊 SOLAR: 4.08V, BATT: 2.44V
2026-03-08 08:00:17,453 - __main__ - INFO - 📊 SOLAR: 4.06V, BATT: 3.53V
2026-03-08 08:00:18,461 - __main__ - INFO - 📊 SOLAR: 4.05V, BATT: 2.56V
2026-03-08 08:00:19,460 - __main__ - INFO - 📊 SOLAR: 4.09V, BATT: 2.46V
2026-03-08 08:00:20,468 - __main__ - INFO - 📊 SOLAR: 4.09V, BATT: 3.57V
2026-03-08 08:00:21,467 - __main__ - INFO - 📊 SOLAR: 4.14V, BATT: 3.81V
2026-03-08 08:00:22,475 - __main__ - INFO - 📊 SOLAR: 4.15V, BATT: 2.06V
2026-03-08 08:00:23,474 - __main__ - INFO - 📊 SOLAR: 4.13V, BATT: 2.72V
2026-03-08 08:00:24,482 - __main__ - INFO - 📊 SOLAR: 4.16V, BATT: 3.8V
2026-03-08 08:00:25,477 - __main__ - INFO - 📊 SOLAR: 4.15V, BATT: 3.85V
2026-03-08 08:00:26,489 - __main__ - INFO - 📊 SOLAR: 4.15V, BATT: 2.08V
2026-03-08 08:00:27,484 - __main__ - INFO - 📊 SOLAR: 4.14V, BATT: 2.69V
2026-03-08 08:00:28,492 - __main__ - INFO - 📊 SOLAR: 4.16V, BATT: 3.74V
2026-03-08 08:00:29,491 - __main__ - INFO - 📊 SOLAR: 4.19V, BATT: 3.78V
2026-03-08 08:00:30,499 - __main__ - INFO - 📊 SOLAR: 4.16V, BATT: 2.07V
2026-03-08 08:00:31,498 - __main__ - INFO - 📊 SOLAR: 4.17V, BATT: 2.72V
2026-03-08 08:00:32,506 - __main__ - INFO - 📊 SOLAR: 4.14V, BATT: 3.81V
2026-03-08 08:00:33,505 - __main__ - INFO - 📊 SOLAR: 4.16V, BATT: 3.84V
2026-03-08 08:00:34,513 - __main__ - INFO - 📊 SOLAR: 4.13V, BATT: 2.0V
2026-03-08 08:00:35,512 - __main__ - INFO - 📊 SOLAR: 4.14V, BATT: 2.69V
2026-03-08 08:00:36,519 - __main__ - INFO - 📊 SOLAR: 4.11V, BATT: 3.79V
2026-03-08 08:00:37,519 - __main__ - INFO - 📊 SOLAR: 4.12V, BATT: 3.82V
2026-03-08 08:00:38,527 - __main__ - INFO - 📊 SOLAR: 4.11V, BATT: 1.96V
2026-03-08 08:00:39,522 - __main__ - INFO - 📊 SOLAR: 4.11V, BATT: 2.77V
2026-03-08 08:00:40,533 - __main__ - INFO - 📊 SOLAR: 4.09V, BATT: 3.67V
2026-03-08 08:00:41,529 - __main__ - INFO - 📊 SOLAR: 4.06V, BATT: 3.39V
2026-03-08 08:00:42,073 - __main__ - INFO - Received signal 2
2026-03-08 08:00:42,073 - __main__ - INFO - 
======================================================================
2026-03-08 08:00:42,073 - __main__ - INFO - Stopping IoT Model Processor...
2026-03-08 08:00:42,079 - __main__ - INFO - 🔌 Arduino disconnected
2026-03-08 08:00:42,079 - __main__ - INFO - MQTT Publisher disconnected
2026-03-08 08:00:42,080 - AWSIoTPythonSDK.core.protocol.mqtt_core - INFO - Performing sync disconnect...
2026-03-08 08:00:42,080 - AWSIoTPythonSDK.core.protocol.mqtt_core - INFO - Performing async disconnect...
2026-03-08 08:00:42,081 - __main__ - INFO - Disconnected from AWS IoT Core
2026-03-08 08:00:42,082 - __main__ - INFO - ✅ IoT Model Processor stopped
2026-03-08 08:00:42,082 - __main__ - INFO - ======================================================================
2026-03-08 08:01:06,460 - __main__ - INFO - Loaded configuration from config.json
2026-03-08 08:01:06,461 - __main__ - INFO - ======================================================================
2026-03-08 08:01:06,461 - __main__ - INFO - IoT Model Processor - Mobile Request -> Model -> Response Flow
2026-03-08 08:01:06,462 - __main__ - INFO - ======================================================================
2026-03-08 08:01:06,463 - __main__ - INFO - 
2026-03-08 08:01:06,464 - __main__ - INFO - 📱 STEP 1: Wait for mobile request on 'raspberrypi/request'
2026-03-08 08:01:06,464 - __main__ - INFO - 🤖 STEP 2: Send to model on 'solar/prediction/request'
2026-03-08 08:01:06,464 - __main__ - INFO - 📊 STEP 3: Receive model result on 'solar/prediction/response'
2026-03-08 08:01:06,464 - __main__ - INFO - 📱 STEP 4: Send response to mobile on 'raspberrypi/userappvisits/data'
2026-03-08 08:01:06,464 - __main__ - INFO - 📤 STEP 5: Publish to server on 'SithmiSolarPredictResults'
2026-03-08 08:01:06,465 - __main__ - INFO - 
2026-03-08 08:01:06,465 - __main__ - INFO - ======================================================================
2026-03-08 08:01:06,468 - __main__ - INFO - ✅ Connected to Arduino on /dev/ttyACM0
2026-03-08 08:01:08,469 - __main__ - INFO - 📡 Arduino reader started
2026-03-08 08:01:08,470 - __main__ - INFO - ✅ Arduino connected - collecting sensor data
2026-03-08 08:01:08,471 - AWSIoTPythonSDK.core.protocol.mqtt_core - INFO - MqttCore initialized
2026-03-08 08:01:08,471 - AWSIoTPythonSDK.core.protocol.mqtt_core - INFO - Client id: iot_model_processor
2026-03-08 08:01:08,471 - AWSIoTPythonSDK.core.protocol.mqtt_core - INFO - Protocol version: MQTTv3.1.1
2026-03-08 08:01:08,472 - AWSIoTPythonSDK.core.protocol.mqtt_core - INFO - Authentication type: TLSv1.2 certificate based Mutual Auth.
2026-03-08 08:01:08,472 - AWSIoTPythonSDK.core.protocol.mqtt_core - INFO - Configuring endpoint...
2026-03-08 08:01:08,472 - AWSIoTPythonSDK.core.protocol.mqtt_core - INFO - Configuring certificates and ciphers...
2026-03-08 08:01:08,473 - AWSIoTPythonSDK.core.protocol.mqtt_core - INFO - Configuring reconnect back off timing...
2026-03-08 08:01:08,473 - AWSIoTPythonSDK.core.protocol.mqtt_core - INFO - Base quiet time: 1.000000 sec
2026-03-08 08:01:08,473 - AWSIoTPythonSDK.core.protocol.mqtt_core - INFO - Max quiet time: 32.000000 sec
2026-03-08 08:01:08,473 - AWSIoTPythonSDK.core.protocol.mqtt_core - INFO - Stable connection time: 20.000000 sec
2026-03-08 08:01:08,473 - AWSIoTPythonSDK.core.protocol.mqtt_core - INFO - Configuring offline requests queueing: max queue size: -1
2026-03-08 08:01:08,474 - AWSIoTPythonSDK.core.protocol.mqtt_core - INFO - Configuring offline requests queue draining interval: 0.500000 sec
2026-03-08 08:01:08,474 - AWSIoTPythonSDK.core.protocol.mqtt_core - INFO - Configuring connect/disconnect time out: 10.000000 sec
2026-03-08 08:01:08,474 - AWSIoTPythonSDK.core.protocol.mqtt_core - INFO - Configuring MQTT operation time out: 5.000000 sec
2026-03-08 08:01:08,474 - AWSIoTPythonSDK.core.protocol.mqtt_core - INFO - Performing sync connect...
2026-03-08 08:01:08,474 - AWSIoTPythonSDK.core.protocol.mqtt_core - INFO - Performing async connect...
2026-03-08 08:01:08,474 - AWSIoTPythonSDK.core.protocol.mqtt_core - INFO - Keep-alive: 600.000000 sec
2026-03-08 08:01:09,212 - __main__ - INFO - 📊 SOLAR: 4.08V, BATT: 3.41V
2026-03-08 08:01:10,065 - __main__ - INFO - ✅ Connected to AWS IoT Core
2026-03-08 08:01:10,066 - AWSIoTPythonSDK.core.protocol.mqtt_core - INFO - Performing sync subscribe...
2026-03-08 08:01:10,212 - __main__ - INFO - 📊 SOLAR: 4.14V, BATT: 3.62V
2026-03-08 08:01:10,369 - __main__ - INFO - 📡 Subscribed to topic: solar/prediction/result
2026-03-08 08:01:10,369 - AWSIoTPythonSDK.core.protocol.mqtt_core - INFO - Performing sync subscribe...
2026-03-08 08:01:10,627 - __main__ - INFO - 📡 Subscribed to topic: solar/prediction/response
2026-03-08 08:01:10,628 - AWSIoTPythonSDK.core.protocol.mqtt_core - INFO - Performing sync subscribe...
2026-03-08 08:01:10,937 - __main__ - INFO - 📡 Subscribed to topic: raspberrypi/request
2026-03-08 08:01:10,939 - __main__ - ERROR - Failed to connect MQTT Publisher: [Errno 2] No such file or directory
2026-03-08 08:01:10,940 - __main__ - WARNING - ⚠️ Failed to connect server MQTT publisher
2026-03-08 08:01:10,940 - __main__ - INFO - 
2026-03-08 08:01:10,940 - __main__ - INFO - ✅ System ready - waiting for mobile requests...
2026-03-08 08:01:10,940 - __main__ - INFO - ======================================================================
2026-03-08 08:01:10,941 - __main__ - INFO - Press Ctrl+C to stop
2026-03-08 08:01:11,219 - __main__ - INFO - 📊 SOLAR: 4.17V, BATT: 2.17V
2026-03-08 08:01:12,219 - __main__ - INFO - 📊 SOLAR: 4.15V, BATT: 2.87V
2026-03-08 08:01:13,226 - __main__ - INFO - 📊 SOLAR: 4.18V, BATT: 3.7V
2026-03-08 08:01:13,663 - __main__ - INFO - Received signal 2
2026-03-08 08:01:13,663 - __main__ - INFO - 
======================================================================
2026-03-08 08:01:13,663 - __main__ - INFO - Stopping IoT Model Processor...
2026-03-08 08:01:13,669 - __main__ - INFO - 🔌 Arduino disconnected
2026-03-08 08:01:13,669 - __main__ - INFO - MQTT Publisher disconnected
2026-03-08 08:01:13,669 - AWSIoTPythonSDK.core.protocol.mqtt_core - INFO - Performing sync disconnect...
2026-03-08 08:01:13,669 - AWSIoTPythonSDK.core.protocol.mqtt_core - INFO - Performing async disconnect...
2026-03-08 08:01:13,671 - __main__ - INFO - Disconnected from AWS IoT Core
2026-03-08 08:01:13,672 - __main__ - INFO - ✅ IoT Model Processor stopped
2026-03-08 08:01:13,672 - __main__ - INFO - ======================================================================
2026-03-08 08:08:05,795 - __main__ - INFO - Loaded configuration from config.json
2026-03-08 08:08:05,796 - __main__ - INFO - ======================================================================
2026-03-08 08:08:05,797 - __main__ - INFO - IoT Model Processor - Mobile Request -> Model -> Response Flow
2026-03-08 08:08:05,797 - __main__ - INFO - ======================================================================
2026-03-08 08:08:05,797 - __main__ - INFO - 
2026-03-08 08:08:05,797 - __main__ - INFO - 📱 STEP 1: Wait for mobile request on 'raspberrypi/request'
2026-03-08 08:08:05,798 - __main__ - INFO - 🤖 STEP 2: Send to model on 'solar/prediction/request'
2026-03-08 08:08:05,798 - __main__ - INFO - 📊 STEP 3: Receive model result on 'solar/prediction/response'
2026-03-08 08:08:05,798 - __main__ - INFO - 📱 STEP 4: Send response to mobile on 'raspberrypi/userappvisits/data'
2026-03-08 08:08:05,798 - __main__ - INFO - 📤 STEP 5: Publish to server on 'SithmiSolarPredictResults'
2026-03-08 08:08:05,798 - __main__ - INFO - 
2026-03-08 08:08:05,799 - __main__ - INFO - ======================================================================
2026-03-08 08:08:05,800 - __main__ - INFO - ✅ Connected to Arduino on /dev/ttyACM0
2026-03-08 08:08:07,801 - __main__ - INFO - 📡 Arduino reader started
2026-03-08 08:08:07,802 - __main__ - INFO - ✅ Arduino connected - collecting sensor data
2026-03-08 08:08:07,803 - AWSIoTPythonSDK.core.protocol.mqtt_core - INFO - MqttCore initialized
2026-03-08 08:08:07,803 - AWSIoTPythonSDK.core.protocol.mqtt_core - INFO - Client id: iot_model_processor
2026-03-08 08:08:07,804 - AWSIoTPythonSDK.core.protocol.mqtt_core - INFO - Protocol version: MQTTv3.1.1
2026-03-08 08:08:07,804 - AWSIoTPythonSDK.core.protocol.mqtt_core - INFO - Authentication type: TLSv1.2 certificate based Mutual Auth.
2026-03-08 08:08:07,804 - AWSIoTPythonSDK.core.protocol.mqtt_core - INFO - Configuring endpoint...
2026-03-08 08:08:07,804 - AWSIoTPythonSDK.core.protocol.mqtt_core - INFO - Configuring certificates and ciphers...
2026-03-08 08:08:07,805 - AWSIoTPythonSDK.core.protocol.mqtt_core - INFO - Configuring reconnect back off timing...
2026-03-08 08:08:07,805 - AWSIoTPythonSDK.core.protocol.mqtt_core - INFO - Base quiet time: 1.000000 sec
2026-03-08 08:08:07,805 - AWSIoTPythonSDK.core.protocol.mqtt_core - INFO - Max quiet time: 32.000000 sec
2026-03-08 08:08:07,805 - AWSIoTPythonSDK.core.protocol.mqtt_core - INFO - Stable connection time: 20.000000 sec
2026-03-08 08:08:07,805 - AWSIoTPythonSDK.core.protocol.mqtt_core - INFO - Configuring offline requests queueing: max queue size: -1
2026-03-08 08:08:07,806 - AWSIoTPythonSDK.core.protocol.mqtt_core - INFO - Configuring offline requests queue draining interval: 0.500000 sec
2026-03-08 08:08:07,806 - AWSIoTPythonSDK.core.protocol.mqtt_core - INFO - Configuring connect/disconnect time out: 10.000000 sec
2026-03-08 08:08:07,806 - AWSIoTPythonSDK.core.protocol.mqtt_core - INFO - Configuring MQTT operation time out: 5.000000 sec
2026-03-08 08:08:07,806 - __main__ - INFO - 📡 Connecting to AWS IoT Core...
2026-03-08 08:08:07,806 - AWSIoTPythonSDK.core.protocol.mqtt_core - INFO - Performing sync connect...
2026-03-08 08:08:07,807 - AWSIoTPythonSDK.core.protocol.mqtt_core - INFO - Performing async connect...
2026-03-08 08:08:07,807 - AWSIoTPythonSDK.core.protocol.mqtt_core - INFO - Keep-alive: 600.000000 sec
2026-03-08 08:08:08,547 - __main__ - INFO - 📊 SOLAR: 4.09V, BATT: 3.64V
2026-03-08 08:08:09,252 - __main__ - INFO - ✅ Connected to AWS IoT Core
2026-03-08 08:08:09,254 - AWSIoTPythonSDK.core.protocol.mqtt_core - INFO - Performing sync subscribe...
2026-03-08 08:08:09,543 - __main__ - INFO - 📊 SOLAR: 4.16V, BATT: 3.73V
2026-03-08 08:08:09,548 - __main__ - INFO - 📡 Subscribed to topic: solar/prediction/result
2026-03-08 08:08:09,549 - AWSIoTPythonSDK.core.protocol.mqtt_core - INFO - Performing sync subscribe...
2026-03-08 08:08:09,888 - __main__ - INFO - 📡 Subscribed to topic: solar/prediction/response
2026-03-08 08:08:09,888 - AWSIoTPythonSDK.core.protocol.mqtt_core - INFO - Performing sync subscribe...
2026-03-08 08:08:10,210 - __main__ - INFO - 📡 Subscribed to topic: raspberrypi/request
2026-03-08 08:08:10,212 - __main__ - ERROR - Failed to connect Server MQTT Publisher: [Errno 2] No such file or directory
2026-03-08 08:08:10,212 - __main__ - WARNING - ⚠️ Failed to connect server MQTT publisher
2026-03-08 08:08:10,213 - __main__ - INFO - 
2026-03-08 08:08:10,213 - __main__ - INFO - ✅ System ready - waiting for mobile requests...
2026-03-08 08:08:10,213 - __main__ - INFO - ======================================================================
2026-03-08 08:08:10,214 - __main__ - INFO - Press Ctrl+C to stop
2026-03-08 08:08:10,550 - __main__ - INFO - 📊 SOLAR: 4.12V, BATT: 1.95V
2026-03-08 08:08:11,549 - __main__ - INFO - 📊 SOLAR: 4.12V, BATT: 2.67V
2026-03-08 08:08:12,557 - __main__ - INFO - 📊 SOLAR: 4.07V, BATT: 3.24V
2026-03-08 08:08:13,556 - __main__ - INFO - 📊 SOLAR: 4.07V, BATT: 3.49V
2026-03-08 08:08:14,564 - __main__ - INFO - 📊 SOLAR: 4.11V, BATT: 3.41V
2026-03-08 08:08:15,563 - __main__ - INFO - 📊 SOLAR: 4.1V, BATT: 3.6V
2026-03-08 08:08:16,571 - __main__ - INFO - 📊 SOLAR: 4.16V, BATT: 2.18V
2026-03-08 08:08:17,570 - __main__ - INFO - 📊 SOLAR: 4.16V, BATT: 2.83V
2026-03-08 08:08:18,578 - __main__ - INFO - 📊 SOLAR: 4.21V, BATT: 3.73V
2026-03-08 08:08:19,573 - __main__ - INFO - 📊 SOLAR: 4.21V, BATT: 3.77V
2026-03-08 08:08:20,585 - __main__ - INFO - 📊 SOLAR: 4.2V, BATT: 2.17V
2026-03-08 08:08:21,580 - __main__ - INFO - 📊 SOLAR: 4.18V, BATT: 2.77V
2026-03-08 08:08:22,588 - __main__ - INFO - 📊 SOLAR: 4.17V, BATT: 3.77V
2026-03-08 08:08:23,587 - __main__ - INFO - 📊 SOLAR: 4.14V, BATT: 3.89V
2026-03-08 08:08:24,595 - __main__ - INFO - 📊 SOLAR: 4.13V, BATT: 1.98V
2026-03-08 08:08:25,594 - __main__ - INFO - 📊 SOLAR: 4.13V, BATT: 2.66V
2026-03-08 08:08:26,602 - __main__ - INFO - 📊 SOLAR: 4.12V, BATT: 3.79V
2026-03-08 08:08:27,602 - __main__ - INFO - 📊 SOLAR: 4.15V, BATT: 3.81V
2026-03-08 08:08:28,609 - __main__ - INFO - 📊 SOLAR: 4.13V, BATT: 1.99V
2026-03-08 08:08:29,608 - __main__ - INFO - 📊 SOLAR: 4.18V, BATT: 2.64V
2026-03-08 08:08:30,615 - __main__ - INFO - 📊 SOLAR: 4.17V, BATT: 3.77V
2026-03-08 08:08:31,615 - __main__ - INFO - 📊 SOLAR: 4.2V, BATT: 3.8V
2026-03-08 08:08:32,622 - __main__ - INFO - 📊 SOLAR: 4.2V, BATT: 2.18V
2026-03-08 08:08:33,622 - __main__ - INFO - 📊 SOLAR: 4.19V, BATT: 2.86V
2026-03-08 08:08:34,629 - __main__ - INFO - 📊 SOLAR: 4.16V, BATT: 3.72V
2026-03-08 08:08:35,625 - __main__ - INFO - 📊 SOLAR: 4.14V, BATT: 3.75V
2026-03-08 08:08:36,636 - __main__ - INFO - 📊 SOLAR: 4.1V, BATT: 2.16V
2026-03-08 08:08:37,631 - __main__ - INFO - 📊 SOLAR: 4.1V, BATT: 2.92V
2026-03-08 08:08:38,639 - __main__ - INFO - 📊 SOLAR: 4.07V, BATT: 3.46V
2026-03-08 08:08:39,638 - __main__ - INFO - 📊 SOLAR: 4.09V, BATT: 3.53V
2026-03-08 08:08:40,646 - __main__ - INFO - 📊 SOLAR: 4.08V, BATT: 2.82V
2026-03-08 08:08:41,645 - __main__ - INFO - 📊 SOLAR: 4.11V, BATT: 3.7V
2026-03-08 08:08:42,653 - __main__ - INFO - 📊 SOLAR: 4.09V, BATT: 2.04V
2026-03-08 08:08:43,652 - __main__ - INFO - 📊 SOLAR: 4.12V, BATT: 2.48V
2026-03-08 08:08:44,660 - __main__ - INFO - 📊 SOLAR: 4.1V, BATT: 3.58V
2026-03-08 08:08:45,660 - __main__ - INFO - 📊 SOLAR: 4.12V, BATT: 3.81V
2026-03-08 08:08:46,667 - __main__ - INFO - 📊 SOLAR: 4.07V, BATT: 2.13V
2026-03-08 08:08:47,666 - __main__ - INFO - 📊 SOLAR: 4.1V, BATT: 2.59V
2026-03-08 08:08:48,674 - __main__ - INFO - 📊 SOLAR: 4.09V, BATT: 3.21V
2026-03-08 08:08:49,669 - __main__ - INFO - 📊 SOLAR: 4.09V, BATT: 3.69V
2026-03-08 08:08:50,681 - __main__ - INFO - 📊 SOLAR: 4.09V, BATT: 2.25V
2026-03-08 08:08:51,676 - __main__ - INFO - 📊 SOLAR: 4.08V, BATT: 3.26V
2026-03-08 08:08:52,684 - __main__ - INFO - 📊 SOLAR: 4.07V, BATT: 2.79V
2026-03-08 08:08:53,683 - __main__ - INFO - 📊 SOLAR: 4.08V, BATT: 2.98V
2026-03-08 08:08:54,690 - __main__ - INFO - 📊 SOLAR: 4.08V, BATT: 3.22V
2026-03-08 08:08:55,690 - __main__ - INFO - 📊 SOLAR: 4.09V, BATT: 3.44V
2026-03-08 08:08:56,697 - __main__ - INFO - 📊 SOLAR: 4.08V, BATT: 2.5V
2026-03-08 08:08:57,697 - __main__ - INFO - 📊 SOLAR: 4.08V, BATT: 3.43V
2026-03-08 08:08:58,704 - __main__ - INFO - 📊 SOLAR: 4.08V, BATT: 3.11V
2026-03-08 08:08:59,704 - __main__ - INFO - 📊 SOLAR: 4.09V, BATT: 2.92V
2026-03-08 08:09:00,711 - __main__ - INFO - 📊 SOLAR: 4.08V, BATT: 2.5V
2026-03-08 08:09:01,711 - __main__ - INFO - 📊 SOLAR: 4.07V, BATT: 3.61V
2026-03-08 08:09:02,718 - __main__ - INFO - 📊 SOLAR: 4.07V, BATT: 2.56V
2026-03-08 08:09:03,718 - __main__ - INFO - 📊 SOLAR: 4.1V, BATT: 2.43V
2026-03-08 08:09:04,724 - __main__ - INFO - 📊 SOLAR: 4.1V, BATT: 3.41V
2026-03-08 08:09:05,721 - __main__ - INFO - 📊 SOLAR: 4.13V, BATT: 3.78V
2026-03-08 08:09:06,732 - __main__ - INFO - 📊 SOLAR: 4.14V, BATT: 2.01V
2026-03-08 08:09:07,728 - __main__ - INFO - 📊 SOLAR: 4.13V, BATT: 2.63V
2026-03-08 08:09:08,735 - __main__ - INFO - 📊 SOLAR: 4.14V, BATT: 3.81V
2026-03-08 08:09:09,735 - __main__ - INFO - 📊 SOLAR: 4.13V, BATT: 3.72V
2026-03-08 08:09:10,742 - __main__ - INFO - 📊 SOLAR: 4.1V, BATT: 1.96V
2026-03-08 08:09:11,741 - __main__ - INFO - 📊 SOLAR: 4.07V, BATT: 3.06V
2026-03-08 08:09:12,749 - __main__ - INFO - 📊 SOLAR: 4.07V, BATT: 2.79V
2026-03-08 08:09:13,748 - __main__ - INFO - 📊 SOLAR: 4.07V, BATT: 3.43V
2026-03-08 08:09:14,758 - __main__ - INFO - 📊 SOLAR: 4.09V, BATT: 3.32V
2026-03-08 08:09:15,755 - __main__ - INFO - 📊 SOLAR: 4.09V, BATT: 3.48V
2026-03-08 08:09:16,763 - __main__ - INFO - 📊 SOLAR: 4.14V, BATT: 2.18V
2026-03-08 08:09:17,762 - __main__ - INFO - 📊 SOLAR: 4.11V, BATT: 2.81V
2026-03-08 08:09:18,770 - __main__ - INFO - 📊 SOLAR: 4.17V, BATT: 3.69V
2026-03-08 08:09:19,765 - __main__ - INFO - 📊 SOLAR: 4.16V, BATT: 3.71V
2026-03-08 08:09:20,773 - __main__ - INFO - 📊 SOLAR: 4.18V, BATT: 2.2V
2026-03-08 08:09:21,772 - __main__ - INFO - 📊 SOLAR: 4.18V, BATT: 2.83V
2026-03-08 08:09:22,780 - __main__ - INFO - 📊 SOLAR: 4.19V, BATT: 3.77V
2026-03-08 08:09:23,779 - __main__ - INFO - 📊 SOLAR: 4.21V, BATT: 3.81V
2026-03-08 08:09:24,787 - __main__ - INFO - 📊 SOLAR: 4.19V, BATT: 2.15V
2026-03-08 08:09:25,786 - __main__ - INFO - 📊 SOLAR: 4.15V, BATT: 2.79V
2026-03-08 08:09:26,794 - __main__ - INFO - 📊 SOLAR: 4.12V, BATT: 3.81V
2026-03-08 08:09:27,793 - __main__ - INFO - 📊 SOLAR: 4.06V, BATT: 3.32V
2026-03-08 08:09:28,801 - __main__ - INFO - 📊 SOLAR: 4.09V, BATT: 3.27V
2026-03-08 08:09:29,800 - __main__ - INFO - 📊 SOLAR: 4.12V, BATT: 3.57V
2026-03-08 08:09:30,808 - __main__ - INFO - 📊 SOLAR: 4.2V, BATT: 2.21V
2026-03-08 08:09:31,807 - __main__ - INFO - 📊 SOLAR: 4.19V, BATT: 2.77V
2026-03-08 08:09:32,814 - __main__ - INFO - 📊 SOLAR: 4.1V, BATT: 3.73V
2026-03-08 08:09:33,809 - __main__ - INFO - 📊 SOLAR: 4.07V, BATT: 3.22V
2026-03-08 08:09:34,817 - __main__ - INFO - 📊 SOLAR: 4.15V, BATT: 3.39V
2026-03-08 08:09:35,816 - __main__ - INFO - 📊 SOLAR: 4.2V, BATT: 3.65V
2026-03-08 08:09:36,824 - __main__ - INFO - 📊 SOLAR: 4.14V, BATT: 1.99V
2026-03-08 08:09:37,823 - __main__ - INFO - 📊 SOLAR: 4.08V, BATT: 2.95V
2026-03-08 08:09:38,831 - __main__ - INFO - 📊 SOLAR: 4.08V, BATT: 2.84V
2026-03-08 08:09:39,830 - __main__ - INFO - 📊 SOLAR: 4.13V, BATT: 2.79V
2026-03-08 08:09:40,838 - __main__ - INFO - 📊 SOLAR: 4.2V, BATT: 3.72V
2026-03-08 08:09:41,837 - __main__ - INFO - 📊 SOLAR: 4.18V, BATT: 3.79V
2026-03-08 08:09:42,845 - __main__ - INFO - 📊 SOLAR: 4.15V, BATT: 2.03V
2026-03-08 08:09:43,844 - __main__ - INFO - 📊 SOLAR: 4.1V, BATT: 2.96V
2026-03-08 08:09:44,852 - __main__ - INFO - 📊 SOLAR: 4.07V, BATT: 3.45V
2026-03-08 08:09:45,851 - __main__ - INFO - 📊 SOLAR: 4.06V, BATT: 3.38V
2026-03-08 08:09:46,859 - __main__ - INFO - 📊 SOLAR: 4.11V, BATT: 3.43V
2026-03-08 08:09:47,858 - __main__ - INFO - 📊 SOLAR: 4.12V, BATT: 3.62V
2026-03-08 08:09:48,866 - __main__ - INFO - 📊 SOLAR: 4.19V, BATT: 2.2V
2026-03-08 08:09:49,861 - __main__ - INFO - 📊 SOLAR: 4.2V, BATT: 2.82V
2026-03-08 08:09:50,869 - __main__ - INFO - 📊 SOLAR: 4.17V, BATT: 3.78V
2026-03-08 08:09:51,868 - __main__ - INFO - 📊 SOLAR: 4.17V, BATT: 3.79V
2026-03-08 08:09:52,876 - __main__ - INFO - 📊 SOLAR: 4.09V, BATT: 1.93V
2026-03-08 08:09:53,875 - __main__ - INFO - 📊 SOLAR: 4.08V, BATT: 2.76V
2026-03-08 08:09:54,883 - __main__ - INFO - 📊 SOLAR: 4.06V, BATT: 2.95V
2026-03-08 08:09:55,882 - __main__ - INFO - 📊 SOLAR: 4.1V, BATT: 2.72V
2026-03-08 08:09:56,890 - __main__ - INFO - 📊 SOLAR: 4.14V, BATT: 3.65V
2026-03-08 08:09:57,889 - __main__ - INFO - 📊 SOLAR: 4.18V, BATT: 3.8V
2026-03-08 08:09:58,896 - __main__ - INFO - 📊 SOLAR: 4.21V, BATT: 2.21V
2026-03-08 08:09:59,896 - __main__ - INFO - 📊 SOLAR: 4.18V, BATT: 2.73V
2026-03-08 08:10:00,903 - __main__ - INFO - 📊 SOLAR: 4.17V, BATT: 3.8V
2026-03-08 08:10:01,903 - __main__ - INFO - 📊 SOLAR: 4.14V, BATT: 3.83V
2026-03-08 08:10:02,910 - __main__ - INFO - 📊 SOLAR: 4.07V, BATT: 1.86V
2026-03-08 08:10:03,906 - __main__ - INFO - 📊 SOLAR: 4.07V, BATT: 2.73V
2026-03-08 08:10:04,914 - __main__ - INFO - 📊 SOLAR: 4.1V, BATT: 2.43V
2026-03-08 08:10:05,912 - __main__ - INFO - 📊 SOLAR: 4.11V, BATT: 2.79V
2026-03-08 08:10:06,920 - __main__ - INFO - 📊 SOLAR: 4.18V, BATT: 3.72V
2026-03-08 08:10:07,919 - __main__ - INFO - 📊 SOLAR: 4.19V, BATT: 3.75V
2026-03-08 08:10:08,927 - __main__ - INFO - 📊 SOLAR: 4.21V, BATT: 2.16V
2026-03-08 08:10:09,926 - __main__ - INFO - 📊 SOLAR: 4.19V, BATT: 2.73V
2026-03-08 08:10:10,934 - __main__ - INFO - 📊 SOLAR: 4.17V, BATT: 3.8V
2026-03-08 08:10:11,933 - __main__ - INFO - 📊 SOLAR: 4.11V, BATT: 3.76V
2026-03-08 08:10:12,941 - __main__ - INFO - 📊 SOLAR: 4.07V, BATT: 2.09V
2026-03-08 08:10:13,940 - __main__ - INFO - 📊 SOLAR: 4.08V, BATT: 3.53V
2026-03-08 08:10:14,948 - __main__ - INFO - 📊 SOLAR: 4.1V, BATT: 2.31V
2026-03-08 08:10:15,943 - __main__ - INFO - 📊 SOLAR: 4.14V, BATT: 2.68V
2026-03-08 08:10:16,955 - __main__ - INFO - 📊 SOLAR: 4.17V, BATT: 3.66V
2026-03-08 08:10:17,950 - __main__ - INFO - 📊 SOLAR: 4.17V, BATT: 3.71V
2026-03-08 08:10:18,958 - __main__ - INFO - 📊 SOLAR: 4.2V, BATT: 2.2V
2026-03-08 08:10:19,957 - __main__ - INFO - 📊 SOLAR: 4.21V, BATT: 2.68V
2026-03-08 08:10:20,965 - __main__ - INFO - 📊 SOLAR: 4.19V, BATT: 3.85V
2026-03-08 08:10:21,964 - __main__ - INFO - 📊 SOLAR: 4.18V, BATT: 3.83V
2026-03-08 08:10:22,972 - __main__ - INFO - 📊 SOLAR: 4.11V, BATT: 1.89V
2026-03-08 08:10:23,971 - __main__ - INFO - 📊 SOLAR: 4.08V, BATT: 2.65V
2026-03-08 08:10:24,979 - __main__ - INFO - 📊 SOLAR: 4.08V, BATT: 2.82V
2026-03-08 08:10:25,978 - __main__ - INFO - 📊 SOLAR: 4.1V, BATT: 2.97V
2026-03-08 08:10:26,985 - __main__ - INFO - 📊 SOLAR: 4.16V, BATT: 3.77V
2026-03-08 08:10:27,985 - __main__ - INFO - 📊 SOLAR: 4.2V, BATT: 3.81V
2026-03-08 08:10:28,992 - __main__ - INFO - 📊 SOLAR: 4.18V, BATT: 2.1V
2026-03-08 08:10:29,988 - __main__ - INFO - 📊 SOLAR: 4.11V, BATT: 2.92V
2026-03-08 08:10:30,999 - __main__ - INFO - 📊 SOLAR: 4.09V, BATT: 3.04V
2026-03-08 08:10:31,995 - __main__ - INFO - 📊 SOLAR: 4.15V, BATT: 2.76V
2026-03-08 08:10:33,006 - __main__ - INFO - 📊 SOLAR: 4.21V, BATT: 3.75V
2026-03-08 08:10:34,003 - __main__ - INFO - 📊 SOLAR: 4.19V, BATT: 3.79V
2026-03-08 08:10:35,010 - __main__ - INFO - 📊 SOLAR: 4.09V, BATT: 1.89V
2026-03-08 08:10:36,009 - __main__ - INFO - 📊 SOLAR: 4.07V, BATT: 2.97V
2026-03-08 08:10:37,016 - __main__ - INFO - 📊 SOLAR: 4.11V, BATT: 2.22V
2026-03-08 08:10:38,016 - __main__ - INFO - 📊 SOLAR: 4.13V, BATT: 2.83V
2026-03-08 08:10:39,027 - __main__ - INFO - 📊 SOLAR: 4.21V, BATT: 3.73V
2026-03-08 08:10:40,022 - __main__ - INFO - 📊 SOLAR: 4.22V, BATT: 3.81V
2026-03-08 08:10:41,030 - __main__ - INFO - 📊 SOLAR: 4.17V, BATT: 2.09V
2026-03-08 08:10:42,029 - __main__ - INFO - 📊 SOLAR: 4.16V, BATT: 2.74V
2026-03-08 08:10:43,037 - __main__ - INFO - 📊 SOLAR: 4.15V, BATT: 3.83V
2026-03-08 08:10:44,036 - __main__ - INFO - 📊 SOLAR: 4.09V, BATT: 3.55V
2026-03-08 08:10:45,044 - __main__ - INFO - 📊 SOLAR: 4.08V, BATT: 2.93V
2026-03-08 08:10:46,039 - __main__ - INFO - 📊 SOLAR: 4.12V, BATT: 3.55V
2026-03-08 08:10:47,051 - __main__ - INFO - 📊 SOLAR: 4.17V, BATT: 2.2V
2026-03-08 08:10:48,046 - __main__ - INFO - 📊 SOLAR: 4.22V, BATT: 2.74V
2026-03-08 08:10:49,054 - __main__ - INFO - 📊 SOLAR: 4.18V, BATT: 3.83V
2026-03-08 08:10:50,053 - __main__ - INFO - 📊 SOLAR: 4.15V, BATT: 3.82V
2026-03-08 08:10:51,061 - __main__ - INFO - 📊 SOLAR: 4.07V, BATT: 2.15V
2026-03-08 08:10:52,060 - __main__ - INFO - 📊 SOLAR: 4.07V, BATT: 3.49V
2026-03-08 08:10:53,068 - __main__ - INFO - 📊 SOLAR: 4.15V, BATT: 2.2V
2026-03-08 08:10:54,067 - __main__ - INFO - 📊 SOLAR: 4.19V, BATT: 2.77V
2026-03-08 08:10:55,075 - __main__ - INFO - 📊 SOLAR: 4.17V, BATT: 3.81V
2026-03-08 08:10:56,074 - __main__ - INFO - 📊 SOLAR: 4.11V, BATT: 3.75V
2026-03-08 08:10:57,081 - __main__ - INFO - 📊 SOLAR: 4.11V, BATT: 3.11V
2026-03-08 08:10:58,081 - __main__ - INFO - 📊 SOLAR: 4.16V, BATT: 3.58V
2026-03-08 08:10:59,088 - __main__ - INFO - 📊 SOLAR: 4.21V, BATT: 2.19V
2026-03-08 08:11:00,084 - __main__ - INFO - 📊 SOLAR: 4.12V, BATT: 2.85V
2026-03-08 08:11:01,095 - __main__ - INFO - 📊 SOLAR: 4.06V, BATT: 2.9V
2026-03-08 08:11:02,090 - __main__ - INFO - 📊 SOLAR: 4.15V, BATT: 2.74V
2026-03-08 08:11:03,098 - __main__ - INFO - 📊 SOLAR: 4.21V, BATT: 3.74V
2026-03-08 08:11:04,098 - __main__ - INFO - 📊 SOLAR: 4.18V, BATT: 3.82V
2026-03-08 08:11:05,105 - __main__ - INFO - 📊 SOLAR: 4.12V, BATT: 1.94V
2026-03-08 08:11:06,105 - __main__ - INFO - 📊 SOLAR: 4.1V, BATT: 2.79V
2026-03-08 08:11:07,112 - __main__ - INFO - 📊 SOLAR: 4.09V, BATT: 2.94V
2026-03-08 08:11:08,111 - __main__ - INFO - 📊 SOLAR: 4.1V, BATT: 3.11V
2026-03-08 08:11:09,119 - __main__ - INFO - 📊 SOLAR: 4.17V, BATT: 3.7V
2026-03-08 08:11:10,109 - __main__ - INFO - Received signal 2
2026-03-08 08:11:10,109 - __main__ - INFO - 
======================================================================
2026-03-08 08:11:10,109 - __main__ - INFO - Stopping IoT Model Processor...
2026-03-08 08:11:10,109 - __main__ - INFO - 🔌 Arduino disconnected
2026-03-08 08:11:10,110 - __main__ - INFO - Server MQTT Publisher disconnected
2026-03-08 08:11:10,110 - AWSIoTPythonSDK.core.protocol.mqtt_core - INFO - Performing sync disconnect...
2026-03-08 08:11:10,110 - AWSIoTPythonSDK.core.protocol.mqtt_core - INFO - Performing async disconnect...
2026-03-08 08:11:10,112 - __main__ - INFO - Disconnected from AWS IoT Core
2026-03-08 08:11:10,112 - __main__ - INFO - ✅ IoT Model Processor stopped
2026-03-08 08:11:10,113 - __main__ - INFO - ======================================================================
2026-03-08 08:28:54,829 - __main__ - INFO - ======================================================================
2026-03-08 08:28:54,830 - __main__ - INFO - IoT Model Processor - Starting...
2026-03-08 08:28:54,830 - __main__ - INFO - ======================================================================
2026-03-08 08:28:54,830 - __main__ - INFO - ==================================================
2026-03-08 08:28:54,830 - __main__ - INFO - LOADING SOLAR PREDICTION MODEL
2026-03-08 08:28:54,831 - __main__ - INFO - ==================================================
2026-03-08 08:28:54,831 - __main__ - INFO - Loading Keras model from: /home/user/Documents/Last_Code/Sithmi/model/solar_lstm.keras
2026-03-08 08:28:55,178 - __main__ - INFO - Loading X scaler from: /home/user/Documents/Last_Code/Sithmi/model/scaler_X.save
2026-03-08 08:28:55,217 - __main__ - INFO - Loading Y scaler from: /home/user/Documents/Last_Code/Sithmi/model/scaler_y.save
2026-03-08 08:28:55,220 - __main__ - INFO - ✅ Model loaded successfully in 0.39 seconds
2026-03-08 08:28:55,220 - __main__ - INFO - 📊 Model size: 0.12 MB
2026-03-08 08:28:55,223 - __main__ - INFO - ✅ Connected to Arduino on /dev/ttyACM0
2026-03-08 08:28:57,224 - __main__ - INFO - 📡 Arduino reader started
2026-03-08 08:28:57,225 - __main__ - INFO - ✅ Arduino connected - collecting sensor data
2026-03-08 08:28:57,226 - AWSIoTPythonSDK.core.protocol.mqtt_core - INFO - MqttCore initialized
2026-03-08 08:28:57,226 - AWSIoTPythonSDK.core.protocol.mqtt_core - INFO - Client id: iot_model_processor
2026-03-08 08:28:57,226 - AWSIoTPythonSDK.core.protocol.mqtt_core - INFO - Protocol version: MQTTv3.1.1
2026-03-08 08:28:57,226 - AWSIoTPythonSDK.core.protocol.mqtt_core - INFO - Authentication type: TLSv1.2 certificate based Mutual Auth.
2026-03-08 08:28:57,227 - AWSIoTPythonSDK.core.protocol.mqtt_core - INFO - Configuring endpoint...
2026-03-08 08:28:57,227 - AWSIoTPythonSDK.core.protocol.mqtt_core - INFO - Configuring certificates and ciphers...
2026-03-08 08:28:57,227 - AWSIoTPythonSDK.core.protocol.mqtt_core - INFO - Configuring reconnect back off timing...
2026-03-08 08:28:57,228 - AWSIoTPythonSDK.core.protocol.mqtt_core - INFO - Base quiet time: 1.000000 sec
2026-03-08 08:28:57,228 - AWSIoTPythonSDK.core.protocol.mqtt_core - INFO - Max quiet time: 32.000000 sec
2026-03-08 08:28:57,228 - AWSIoTPythonSDK.core.protocol.mqtt_core - INFO - Stable connection time: 20.000000 sec
2026-03-08 08:28:57,228 - AWSIoTPythonSDK.core.protocol.mqtt_core - INFO - Configuring offline requests queueing: max queue size: -1
2026-03-08 08:28:57,228 - AWSIoTPythonSDK.core.protocol.mqtt_core - INFO - Configuring offline requests queue draining interval: 0.500000 sec
2026-03-08 08:28:57,229 - AWSIoTPythonSDK.core.protocol.mqtt_core - INFO - Configuring connect/disconnect time out: 10.000000 sec
2026-03-08 08:28:57,229 - AWSIoTPythonSDK.core.protocol.mqtt_core - INFO - Configuring MQTT operation time out: 5.000000 sec
2026-03-08 08:28:57,229 - __main__ - INFO - 📡 Connecting to AWS IoT Core for mobile requests...
2026-03-08 08:28:57,230 - AWSIoTPythonSDK.core.protocol.mqtt_core - INFO - Performing sync connect...
2026-03-08 08:28:57,230 - AWSIoTPythonSDK.core.protocol.mqtt_core - INFO - Performing async connect...
2026-03-08 08:28:57,230 - AWSIoTPythonSDK.core.protocol.mqtt_core - INFO - Keep-alive: 600.000000 sec
2026-03-08 08:28:58,028 - __main__ - INFO - 📊 SOLAR: 4.07V, BATT: 3.8V
2026-03-08 08:28:58,966 - __main__ - INFO - 📊 SOLAR: 4.08V, BATT: 2.64V
2026-03-08 08:28:59,974 - __main__ - INFO - 📊 SOLAR: 4.16V, BATT: 3.62V
2026-03-08 08:29:00,973 - __main__ - INFO - 📊 SOLAR: 4.07V, BATT: 2.87V
2026-03-08 08:29:01,957 - __main__ - INFO - ✅ Connected to AWS IoT Core
2026-03-08 08:29:01,958 - AWSIoTPythonSDK.core.protocol.mqtt_core - INFO - Performing sync subscribe...
2026-03-08 08:29:01,980 - __main__ - INFO - 📊 SOLAR: 4.22V, BATT: 3.39V
2026-03-08 08:29:02,980 - __main__ - INFO - 📊 SOLAR: 4.1V, BATT: 3.53V
2026-03-08 08:29:03,987 - __main__ - INFO - 📊 SOLAR: 4.16V, BATT: 3.06V
2026-03-08 08:29:04,987 - __main__ - INFO - 📊 SOLAR: 4.19V, BATT: 3.63V
2026-03-08 08:29:05,341 - __main__ - INFO - 📡 Subscribed to topic: raspberrypi/request
2026-03-08 08:29:05,345 - __main__ - ERROR - ❌ Publisher connection failed: [Errno 2] No such file or directory
2026-03-08 08:29:05,346 - __main__ - WARNING - ⚠️ Publisher not connected - continuing without server publishing
2026-03-08 08:29:05,346 - __main__ - INFO - 
2026-03-08 08:29:05,347 - __main__ - INFO - ✅ System ready - waiting for mobile requests...
2026-03-08 08:29:05,347 - __main__ - INFO - ======================================================================
2026-03-08 08:29:05,347 - __main__ - INFO - Press Ctrl+C to stop
2026-03-08 08:29:05,994 - __main__ - INFO - 📊 SOLAR: 4.1V, BATT: 2.81V
2026-03-08 08:29:06,990 - __main__ - INFO - 📊 SOLAR: 4.2V, BATT: 3.56V
2026-03-08 08:29:08,001 - __main__ - INFO - 📊 SOLAR: 4.15V, BATT: 2.02V
2026-03-08 08:29:08,997 - __main__ - INFO - 📊 SOLAR: 4.1V, BATT: 4.03V
2026-03-08 08:29:10,004 - __main__ - INFO - 📊 SOLAR: 4.21V, BATT: 2.19V
2026-03-08 08:29:11,004 - __main__ - INFO - 📊 SOLAR: 4.07V, BATT: 3.19V
2026-03-08 08:29:12,012 - __main__ - INFO - 📊 SOLAR: 4.15V, BATT: 2.37V
2026-03-08 08:29:13,011 - __main__ - INFO - 📊 SOLAR: 4.15V, BATT: 2.75V
2026-03-08 08:29:14,019 - __main__ - INFO - 📊 SOLAR: 4.09V, BATT: 2.84V
2026-03-08 08:29:15,018 - __main__ - INFO - 📊 SOLAR: 4.18V, BATT: 2.75V
2026-03-08 08:29:16,025 - __main__ - INFO - 📊 SOLAR: 4.12V, BATT: 3.7V
2026-03-08 08:29:17,025 - __main__ - INFO - 📊 SOLAR: 4.12V, BATT: 2.53V
2026-03-08 08:29:18,032 - __main__ - INFO - 📊 SOLAR: 4.21V, BATT: 3.68V
2026-03-08 08:29:19,032 - __main__ - INFO - 📊 SOLAR: 4.1V, BATT: 3.65V
2026-03-08 08:29:20,039 - __main__ - INFO - 📊 SOLAR: 4.14V, BATT: 3.12V
2026-03-08 08:29:21,035 - __main__ - INFO - 📊 SOLAR: 4.21V, BATT: 3.61V
2026-03-08 08:29:22,042 - __main__ - INFO - 📊 SOLAR: 4.08V, BATT: 2.31V
2026-03-08 08:29:23,041 - __main__ - INFO - 📊 SOLAR: 4.16V, BATT: 3.53V
2026-03-08 08:29:24,049 - __main__ - INFO - 📊 SOLAR: 4.21V, BATT: 2.14V
2026-03-08 08:29:25,048 - __main__ - INFO - 📊 SOLAR: 4.09V, BATT: 3.39V
2026-03-08 08:29:26,056 - __main__ - INFO - 📊 SOLAR: 4.18V, BATT: 2.24V
2026-03-08 08:29:27,055 - __main__ - INFO - 📊 SOLAR: 4.19V, BATT: 2.71V
2026-03-08 08:29:28,063 - __main__ - INFO - 📊 SOLAR: 4.09V, BATT: 3.04V
2026-03-08 08:29:29,062 - __main__ - INFO - 📊 SOLAR: 4.21V, BATT: 2.67V
2026-03-08 08:29:30,070 - __main__ - INFO - 📊 SOLAR: 4.14V, BATT: 3.78V
2026-03-08 08:29:31,069 - __main__ - INFO - 📊 SOLAR: 4.13V, BATT: 2.48V
2026-03-08 08:29:32,077 - __main__ - INFO - 📊 SOLAR: 4.2V, BATT: 3.68V
2026-03-08 08:29:32,475 - __main__ - INFO - Received signal 2
2026-03-08 08:29:32,477 - __main__ - INFO - 
======================================================================
2026-03-08 08:29:32,477 - __main__ - INFO - Stopping IoT Model Processor...
2026-03-08 08:29:32,484 - __main__ - INFO - 🔌 Arduino disconnected
2026-03-08 08:29:32,485 - __main__ - INFO - Publisher disconnected
2026-03-08 08:29:32,485 - AWSIoTPythonSDK.core.protocol.mqtt_core - INFO - Performing sync disconnect...
2026-03-08 08:29:32,485 - AWSIoTPythonSDK.core.protocol.mqtt_core - INFO - Performing async disconnect...
2026-03-08 08:29:32,488 - __main__ - INFO - Disconnected from AWS IoT Core
2026-03-08 08:29:32,488 - __main__ - INFO - ✅ IoT Model Processor stopped
2026-03-08 08:29:32,489 - __main__ - INFO - ======================================================================
